This file contains any messages produced by compilers while
running configure, to aid debugging if configure makes a mistake.

It was created by JAET-PP configure 0.2, which was
generated by GNU Autoconf 2.67.  Invocation command line was

  $ ./configure 

## --------- ##
## Platform. ##
## --------- ##

hostname = stronghold
uname -m = i686
uname -r = 2.6.35-28-generic-pae
uname -s = Linux
uname -v = #49-Ubuntu SMP Tue Mar 1 14:58:06 UTC 2011

/usr/bin/uname -p = unknown
/bin/uname -X     = unknown

/bin/arch              = unknown
/usr/bin/arch -k       = unknown
/usr/convex/getsysinfo = unknown
/usr/bin/hostinfo      = unknown
/bin/machine           = unknown
/usr/bin/oslevel       = unknown
/bin/universe          = unknown

PATH: /usr/local/sbin
PATH: /usr/local/bin
PATH: /usr/sbin
PATH: /usr/bin
PATH: /sbin
PATH: /bin
PATH: /usr/games


## ----------- ##
## Core tests. ##
## ----------- ##

configure:1742: checking for a BSD-compatible install
configure:1810: result: /usr/bin/install -c
configure:1821: checking whether build environment is sane
configure:1871: result: yes
configure:2012: checking for a thread-safe mkdir -p
configure:2051: result: /bin/mkdir -p
configure:2064: checking for gawk
configure:2080: found /usr/bin/gawk
configure:2091: result: gawk
configure:2102: checking whether make sets $(MAKE)
configure:2124: result: yes
configure:2237: checking for pkg-config
configure:2255: found /usr/bin/pkg-config
configure:2267: result: /usr/bin/pkg-config
configure:2314: checking for bin/xpidl
configure:2332: found /usr/lib/xulrunner-devel-2.0b13pre/bin/xpidl
configure:2344: result: /usr/lib/xulrunner-devel-2.0b13pre/bin/xpidl
configure:2530: creating ./config.status

## ---------------------- ##
## Running config.status. ##
## ---------------------- ##

This file was extended by JAET-PP config.status 0.2, which was
generated by GNU Autoconf 2.67.  Invocation command line was

  CONFIG_FILES    = 
  CONFIG_HEADERS  = 
  CONFIG_LINKS    = 
  CONFIG_COMMANDS = 
  $ ./config.status 

on stronghold

config.status:766: creating Makefile
config.status:766: creating src/Makefile
config.status:766: creating src/application.ini
config.status:766: creating src/chrome/Makefile
config.status:766: creating src/chrome/content/Makefile
config.status:766: creating src/chrome/content/img/Makefile
config.status:766: creating src/chrome/content/dialogs/Makefile
config.status:766: creating src/chrome/locale/Makefile
config.status:766: creating src/chrome/locale/branding/Makefile
config.status:766: creating src/chrome/skin/Makefile
config.status:766: creating src/components/Makefile
config.status:766: creating src/components/eve-api/Makefile
config.status:766: creating src/components/eve-central/Makefile
config.status:766: creating src/defaults/Makefile
config.status:766: creating src/defaults/preferences/Makefile

## ---------------- ##
## Cache variables. ##
## ---------------- ##

ac_cv_env_IDLDIR_set=
ac_cv_env_IDLDIR_value=
ac_cv_env_XPIDL_set=
ac_cv_env_XPIDL_value=
ac_cv_env_build_alias_set=
ac_cv_env_build_alias_value=
ac_cv_env_host_alias_set=
ac_cv_env_host_alias_value=
ac_cv_env_target_alias_set=
ac_cv_env_target_alias_value=
ac_cv_path_PKG_CONFIG=/usr/bin/pkg-config
ac_cv_path_XPIDL=/usr/lib/xulrunner-devel-2.0b13pre/bin/xpidl
ac_cv_path_install='/usr/bin/install -c'
ac_cv_path_mkdir=/bin/mkdir
ac_cv_prog_AWK=gawk
ac_cv_prog_make_make_set=yes

## ----------------- ##
## Output variables. ##
## ----------------- ##

ACLOCAL='${SHELL} /home/aragaer/Projects/pp/config/missing --run aclocal-1.11'
AMTAR='${SHELL} /home/aragaer/Projects/pp/config/missing --run tar'
AUTOCONF='${SHELL} /home/aragaer/Projects/pp/config/missing --run autoconf'
AUTOHEADER='${SHELL} /home/aragaer/Projects/pp/config/missing --run autoheader'
AUTOMAKE='${SHELL} /home/aragaer/Projects/pp/config/missing --run automake-1.11'
AWK='gawk'
BUILDID='2011040340'
CYGPATH_W='echo'
DEFS='-DPACKAGE_NAME=\"JAET-PP\" -DPACKAGE_TARNAME=\"jaet-pp\" -DPACKAGE_VERSION=\"0.2\" -DPACKAGE_STRING=\"JAET-PP\ 0.2\" -DPACKAGE_BUGREPORT=\"aragaer@gmail.com\" -DPACKAGE_URL=\"\" -DPACKAGE=\"jaet-pp\" -DVERSION=\"0.2\"'
ECHO_C=''
ECHO_N='-n'
ECHO_T=''
GECKO_INCLUDEDIR='/usr/include/xulrunner-2.0b13pre'
IDLDIR='/usr/share/idl/xulrunner-2.0b13pre'
INSTALL_DATA='${INSTALL} -m 644'
INSTALL_PROGRAM='${INSTALL}'
INSTALL_SCRIPT='${INSTALL}'
INSTALL_STRIP_PROGRAM='$(install_sh) -c -s'
LIBOBJS=''
LIBS=''
LTLIBOBJS=''
MAKEINFO='${SHELL} /home/aragaer/Projects/pp/config/missing --run makeinfo'
MKDIR_P='/bin/mkdir -p'
PACKAGE='jaet-pp'
PACKAGE_BUGREPORT='aragaer@gmail.com'
PACKAGE_NAME='JAET-PP'
PACKAGE_STRING='JAET-PP 0.2'
PACKAGE_TARNAME='jaet-pp'
PACKAGE_URL=''
PACKAGE_VERSION='0.2'
PATH_SEPARATOR=':'
PKG_CONFIG='/usr/bin/pkg-config'
SET_MAKE=''
SHELL='/bin/bash'
STRIP=''
VERSION='0.2'
XPIDL='/usr/lib/xulrunner-devel-2.0b13pre/bin/xpidl'
am__isrc=''
am__leading_dot='.'
am__tar='${AMTAR} chof - "$$tardir"'
am__untar='${AMTAR} xf -'
bindir='${exec_prefix}/bin'
build_alias=''
datadir='${datarootdir}'
datarootdir='${prefix}/share'
docdir='${datarootdir}/doc/${PACKAGE_TARNAME}'
dvidir='${docdir}'
exec_prefix='${prefix}'
host_alias=''
htmldir='${docdir}'
includedir='${prefix}/include'
infodir='${datarootdir}/info'
install_sh='${SHELL} /home/aragaer/Projects/pp/config/install-sh'
libdir='${exec_prefix}/lib'
libexecdir='${exec_prefix}/libexec'
localedir='${datarootdir}/locale'
localstatedir='${prefix}/var'
mandir='${datarootdir}/man'
mkdir_p='/bin/mkdir -p'
oldincludedir='/usr/include'
pdfdir='${docdir}'
prefix='/usr/local'
program_transform_name='s,x,x,'
psdir='${docdir}'
sbindir='${exec_prefix}/sbin'
sharedstatedir='${prefix}/com'
sysconfdir='${prefix}/etc'
target_alias=''

## ----------- ##
## confdefs.h. ##
## ----------- ##

/* confdefs.h */
#define PACKAGE_NAME "JAET-PP"
#define PACKAGE_TARNAME "jaet-pp"
#define PACKAGE_VERSION "0.2"
#define PACKAGE_STRING "JAET-PP 0.2"
#define PACKAGE_BUGREPORT "aragaer@gmail.com"
#define PACKAGE_URL ""
#define PACKAGE "jaet-pp"
#define VERSION "0.2"

configure: exit 0
